INFO     op34n03.ms3 -- Attempting to parse op34n03.mscx
INFO     op34n03.ms3 -- Done parsing op34n03.mscx

WARNING  op34n03.expand_labels -- The following chords could not be parsed:
      mc   mn onset    label
ix                          
4      2    2   1/4       V9
7      4    4     0     V9\\
52    18   18   1/4       V9
55    20   20     0     V9\\
100   33   33   1/8       V9
102   34   34     0       V9
108   36   36     0    V9/iv
111   37   37   1/8    V9/iv
113   38   38     0    V9/iv
118   39   39   1/4       V9
121   41   41     0     V9/v
127   43   43     0     V9/v
159   53   53     0    V9/bI
161   54   54     0    V9/bI
164   55   55   1/8    V9/bI
167   56   56   1/8    V9/bI
169   57   57     0  V9/bVII
171   58   58     0  V9/bVII
174   59   59   1/8  V9/bVII
177   60   60   1/8  V9/bVII
189   66   66   1/8       V9
191   67   67     0       V9
197   69   69     0    V9/iv
199   70   70     0    V9/iv
227   82   82     0    V9/iv
271   95   95     0     V9/v
295  101  101     0       V[
317  108  108   1/4       V9
320  109  109   1/4       V9
323  113  113     0     V9\\
