INFO     op35n01.ms3 -- Attempting to parse op35n01.mscx
INFO     op35n01.ms3 -- Done parsing op35n01.mscx

WARNING  op35n01.expand_labels -- The following chords could not be parsed:
     mc  mn onset   label
17    7   6     0      V9
21    8   7   1/4   V9(6)
42   14  13     0      V9
46   15  14   1/4  V9/iii
49   16  15   1/8   V9/vi
52   17  16   1/8     ii9
54   17  16   3/8      V9
181  54  53   1/8      V9
185  55  54   1/8     ii9
191  57  56     0      V9
195  58  57   1/4   V9(6)
216  64  63     0      V9
220  65  64   1/4  V9/iii
223  66  65   1/8   V9/vi
228  67  66   3/8      V9
231  68  67   1/4    V9/V
