Attempting to parse op42n01.mscx
Done parsing op42n01.mscx

The following chords could not be parsed:
      mc   mn onset      label
14     5    5     0         V9
21     7    7   3/8     .bvii7
34    10   10   3/4       V9/v
109   30   30   7/8    .Fr6/iv
157   42   40   3/8     .bIIM7
160   43   41   1/4      .Ger6
195   50   48   3/8  .bIIM7/iv
198   51   49   1/4   .Ger6/iv
235   60   58     0         V9
242   62   60   3/8   .Ger6/iv
244   63   61     0  .Ger6/III
281   69   67   7/8    .Fr6/iv
318   79   77     0      .bII6
340   85   83     0   .bII6(4)
372   93   91   3/4       .bII
378   95   93   1/4      .bII6
394  100   98     0         V9
401  102  100   3/8   .Ger6/iv
403  103  101     0  .Ger6/III
426  114  112   3/8     V9/III
442  118  116   3/4     V9/III
480  125  123   7/8    .Fr6/iv
Failed to expand labels due to syntactic errors:
repl_spec() missing 1 required positional argument: 'special'
