Attempting to parse op42n02.mscx
Done parsing op42n02.mscx

The following chords could not be parsed:
     mc  mn onset    label
ix                        
15    6   6   1/4  .bIIM43
26   10  10   1/4  .bIIM43
27   10  10   3/8    .bII6
36   12  12   5/8    .bII6
42   14  14   5/8   .bII64
49   16  16   3/8   .bIIM2
99   32  32   3/8    V9(6)
106  34  34   3/8       V9
137  43  43   3/8     .bII
140  44  44   1/8   .bIIM2
144  45  45   3/8     .bII
165  52  52   1/4  .bIIM43
172  54  54   1/4  .bIIM43
Failed to expand labels due to syntactic errors:
repl_spec() missing 1 required positional argument: 'special'
