INFO     op48n01.ms3 -- Attempting to parse op48n01.mscx
INFO     op48n01.ms3 -- Done parsing op48n01.mscx

WARNING  op48n01.expand_labels -- The following chords could not be parsed:
      mc   mn onset   label
43    21   20  3/16  V9/iii
257  157  156   1/4    V9/V
348  224  223   1/8      V9
357  231  230   1/8      V9
773  435  434   1/4    V9/V
812  457  456     0      V9
817  459  458     0    V9/V
822  461  460     0   V9/ii
827  463  462     0   V9/vi
ERROR    op48n01 -- Could not expand labels due to errors:
Traceback (most recent call last):
  File "scripts/parallel_parse.py", line 79, in parse
    expanded = expand_labels(chord_list, column='label', regex=REGEX, chord_tones=True, groupby=None, logger_name=S.fname).df
  File "/home/hentsche/corpora/scripts/expand_labels.py", line 421, in __init__
    df = self.propagate_pedal(df, cols=cols)
  File "/home/hentsche/corpora/scripts/expand_labels.py", line 747, in propagate_pedal
    assert n_b == n_e, f"{n_b} organ points started, {n_e} ended:\n{make_comparison()}"
AssertionError: 7 organ points started, 3 ended:
    mc pedal    mc pedalend
0   75     I    97        ]
1  106     I   128        ]
2  354   bII   406        ]
3  355     V  <NA>      NaN
4  355   III  <NA>      NaN
5  355    VI  <NA>      NaN
6  384     I  <NA>      NaN
