Warnings encountered during the last execution of ms3 review (v1.0.4)
=====================================================================

DCML_DEFAULT_CORRECTION_WARNING (27, 'MC 48: ') ms3.Parse.medtner_tales.op08n01 -- /usr/local/lib/python3.10/site-packages/ms3/utils.py (line 3987) features2tpcs():
	MC 48: #vii in major context corrected to vii.
DCML_SEVENTH_CORD_WITH_ALTERED_SEVENTH_WARNING (18,) ms3.Parse.medtner_tales.op08n01 -- /usr/local/lib/python3.10/site-packages/ms3/utils.py (line 4115) features2tpcs():
	MC 41: In seventh chords, such as V43(7b5), it is not clear whether the 7 alters the 7 or replaces the 8 and should not be used.
DCML_SEVENTH_CORD_WITH_ALTERED_SEVENTH_WARNING (18,) ms3.Parse.medtner_tales.op08n01 -- /usr/local/lib/python3.10/site-packages/ms3/utils.py (line 4115) features2tpcs():
	MC 43: In seventh chords, such as V43(7b5), it is not clear whether the 7 alters the 7 or replaces the 8 and should not be used.
DCML_HARMONY_SUPERFLUOUS_TONE_REPLACEMENT_WARNING (6, 52, 'V7(b96b5)') ms3.Parse.medtner_tales.op26n03 -- /usr/local/lib/python3.10/site-packages/ms3/utils.py (line 4148) features2tpcs():
	MC 52: V7(b96b5) results in a chord tone 5th AND its replacement(s) (TPC [0]). You might want to add a + to distinguish from a suspension, or add this warning to IGNORED_WARNINGS with a comment.
DCML_HARMONY_SUPERFLUOUS_TONE_REPLACEMENT_WARNING (6, 48, 'V7(b96b5)') ms3.Parse.medtner_tales.op26n03 -- /usr/local/lib/python3.10/site-packages/ms3/utils.py (line 4148) features2tpcs():
	MC 48: V7(b96b5) results in a chord tone 5th AND its replacement(s) (TPC [0]). You might want to add a + to distinguish from a suspension, or add this warning to IGNORED_WARNINGS with a comment.
DCML_DEFAULT_CORRECTION_WARNING (27, 'MC 34: ') ms3.Parse.medtner_tales.op26n04 -- /usr/local/lib/python3.10/site-packages/ms3/utils.py (line 3987) features2tpcs():
	MC 34: #vii in major context corrected to vii.
DCML_PHRASE_INCONGRUENCY_WARNING (16,) ms3.Parse.medtner_tales.op26n04 -- /usr/local/lib/python3.10/site-packages/ms3/utils.py (line 4937) check_phrase_annotations():
	Phrase beginning and endings don't match:
	mn_playthrough phraseend mn_playthrough phraseend
	            0a         {             3a         }
	            3a         {             6a         }
	            6a         {            10a         }
	           10a         {            19a        }{
	           19a        }{            26a         }
	           27a         {            35a        }{
	           35a        }{            43a         }
	           44a         {            58a         }
	           55a         {            61a         }
	           58a         {            76a         }
	           61a         {            NaN       NaN
DCML_PHRASE_INCONGRUENCY_WARNING (16,) ms3.Parse.medtner_tales.op34n02 -- /usr/local/lib/python3.10/site-packages/ms3/utils.py (line 4937) check_phrase_annotations():
	Phrase beginning and endings don't match:
	mn_playthrough phraseend mn_playthrough phraseend
	            1a         {            11a         }
	           11a         {            16a         }
	           17a         {            28a         }
	           28a         {            37a         }
	           NaN       NaN            45a         }
DCML_HARMONY_INCOMPLETE_PEDAL_COLUMN_WARNING (13,) ms3.Parse.medtner_tales.op34n03 -- /usr/local/lib/python3.10/site-packages/ms3/expand_dcml.py (line 145) expand_labels():
	propagate_pedal() failed with
	15 organ points started, 13 ended:
	     mc   pedal    mc pedalend
	0     9     #iv    10        ]
	1    45       i    54        ]
	2    53  V/#iii    58        ]
	3    55  i/#iii    60        ]
	4    57    V/ii    65        ]
	5    59    i/ii    83        ]
	6    61       V    97        ]
	7    76       i    99        ]
	8    96       V   100        ]
	9    98       V   101        ]
	10  100       V   107        ]
	11  101       V   119        ]
	12  102       V   142        ]
	13  118     #iv  <NA>      NaN
	14  138       i  <NA>      NaN
DCML_HARMONY_SUPERFLUOUS_TONE_REPLACEMENT_WARNING (6, 68, 'V7(6b5)') ms3.Parse.medtner_tales.op35n01 -- /usr/local/lib/python3.10/site-packages/ms3/utils.py (line 4148) features2tpcs():
	MC 68: V7(6b5) results in a chord tone 5th AND its replacement(s) (TPC [5]). You might want to add a + to distinguish from a suspension, or add this warning to IGNORED_WARNINGS with a comment.
DCML_DEFAULT_CORRECTION_WARNING (27, 'MC 30: ') ms3.Parse.medtner_tales.op35n01 -- /usr/local/lib/python3.10/site-packages/ms3/utils.py (line 3987) features2tpcs():
	MC 30: #vii in major context corrected to vii.
DCML_HARMONY_INCOMPLETE_PEDAL_COLUMN_WARNING (13,) ms3.Parse.medtner_tales.op35n02 -- /usr/local/lib/python3.10/site-packages/ms3/expand_dcml.py (line 145) expand_labels():
	propagate_pedal() failed with
	1 organ points started, 0 ended:
	   mc pedal    mc pedalend
	0  46     I  <NA>      NaN
DCML_HARMONY_SUPERFLUOUS_TONE_REPLACEMENT_WARNING (6, 97, 'viio65(4b3)') ms3.Parse.medtner_tales.op35n02 -- /usr/local/lib/python3.10/site-packages/ms3/utils.py (line 4148) features2tpcs():
	MC 97: viio65(4b3) results in a chord tone 3rd AND its replacement(s) (TPC [5]). You might want to add a + to distinguish from a suspension, or add this warning to IGNORED_WARNINGS with a comment.
DCML_PHRASE_INCONGRUENCY_WARNING (16,) ms3.Parse.medtner_tales.op35n02 -- /usr/local/lib/python3.10/site-packages/ms3/utils.py (line 4937) check_phrase_annotations():
	Phrase beginning and endings don't match:
	mn_playthrough phraseend mn_playthrough phraseend
	            0a         {            14a         }
	           14a         {            14b         }
	           14b         {            26a         }
	           26a         {            44a        }{
	           44a        }{            47a         }
	           47a         {            50a         }
	           52a         {            70a         }
	           71a         {            82a        }{
	           82a        }{           106a         }
	          106a         {           124a         }
	          125a         {           136a         }
	          139a         {            14c         }
	          139a         {            26b         }
	           14c         {            44b        }{
	           26b         {            47b         }
	           44b        }{            50b         }
	           47b         {            NaN       NaN
DCML_PHRASE_INCONGRUENCY_WARNING (16,) ms3.Parse.medtner_tales.op35n03 -- /usr/local/lib/python3.10/site-packages/ms3/utils.py (line 4937) check_phrase_annotations():
	Phrase beginning and endings don't match:
	mn_playthrough phraseend mn_playthrough phraseend
	            1a         {             6a         }
	            6a         {            15a        }{
	           15a        }{            18a         }
	           18a         {            22a         }
	           22a         {            26a         }
	           26a         {            31a        }{
	           31a        }{            35a        }{
	           35a        }{            45a         }
	           46a         {            49a        }{
	           49a        }{            54a         }
	           55a         {            61a         }
	           62a         {            64a         }
	           65a         {            74a         }
	           74a         {            77a         }
	           NaN       NaN            80a         }
DCML_HARMONY_INCOMPLETE_PEDAL_COLUMN_WARNING (13,) ms3.Parse.medtner_tales.op35n04 -- /usr/local/lib/python3.10/site-packages/ms3/expand_dcml.py (line 145) expand_labels():
	propagate_pedal() failed with
	2 organ points started, 3 ended:
	     mc pedal   mc pedalend
	0    15     v   19        ]
	1   115     i   92        ]
	2  <NA>   NaN  117        ]
DCML_HARMONY_SUPERFLUOUS_TONE_REPLACEMENT_WARNING (6, 328, 'viio65(4b3)') ms3.Parse.medtner_tales.op48n01 -- /usr/local/lib/python3.10/site-packages/ms3/utils.py (line 4148) features2tpcs():
	MC 328: viio65(4b3) results in a chord tone 3rd AND its replacement(s) (TPC [5]). You might want to add a + to distinguish from a suspension, or add this warning to IGNORED_WARNINGS with a comment.
